[2025-08-05 07:41:29] local.ERROR: SQLSTATE[42S22]: Column not found: 1054 Unknown column 'feeder_data' in 'field list' (Connection: mysql, SQL: insert into `program` (`district_id`, `name`, `enrollment_id`, `applicant_filter1`, `applicant_filter2`, `applicant_filter3`, `grade_lavel`, `feeder_field`, `upload_program_check`, `parent_submission_form`, `magnet_school`, `sibling_enabled`, `silbling_check`, `existing_magnet_program_alert`, `priority`, `sibling_schools`, `feeder_priorities`, `magnet_priorities`, `feeder_data`, `created_at`, `updated_at`) values (3, Aug Columbia High School MYP, 19, Aug Columbia High School MYP, ?, ?, 9,10, ?, , 1, Columbia High School, Y, Y, Y, 100, Columbia High School, , , {"feeder_fields":[],"feeder_priorities":[]}, 2025-08-05 07:08:28, 2025-08-05 07:08:28)) {"userId":26,"exception":"[object] (Illuminate\\Database\\QueryException(code: 42S22): SQLSTATE[42S22]: Column not found: 1054 Unknown column 'feeder_data' in 'field list' (Connection: mysql, SQL: insert into `program` (`district_id`, `name`, `enrollment_id`, `applicant_filter1`, `applicant_filter2`, `applicant_filter3`, `grade_lavel`, `feeder_field`, `upload_program_check`, `parent_submission_form`, `magnet_school`, `sibling_enabled`, `silbling_check`, `existing_magnet_program_alert`, `priority`, `sibling_schools`, `feeder_priorities`, `magnet_priorities`, `feeder_data`, `created_at`, `updated_at`) values (3, Aug Columbia High School MYP, 19, Aug Columbia High School MYP, ?, ?, 9,10, ?, , 1, Columbia High School, Y, Y, Y, 100, Columbia High School, , , {\"feeder_fields\":[],\"feeder_priorities\":[]}, 2025-08-05 07:08:28, 2025-08-05 07:08:28)) at D:\\vipuljadav\\www\\projects\\laravel\\MagnetHCS\\vendor\\laravel\\framework\\src\\Illuminate\\Database\\Connection.php:824)
[stacktrace]
#0 D:\\vipuljadav\\www\\projects\\laravel\\MagnetHCS\\vendor\\laravel\\framework\\src\\Illuminate\\Database\\Connection.php(778): Illuminate\\Database\\Connection->runQueryCallback('insert into `pr...', Array, Object(Closure))
#1 D:\\vipuljadav\\www\\projects\\laravel\\MagnetHCS\\vendor\\laravel\\framework\\src\\Illuminate\\Database\\MySqlConnection.php(42): Illuminate\\Database\\Connection->run('insert into `pr...', Array, Object(Closure))
#2 D:\\vipuljadav\\www\\projects\\laravel\\MagnetHCS\\vendor\\laravel\\framework\\src\\Illuminate\\Database\\Query\\Processors\\MySqlProcessor.php(35): Illuminate\\Database\\MySqlConnection->insert('insert into `pr...', Array, 'id')
#3 D:\\vipuljadav\\www\\projects\\laravel\\MagnetHCS\\vendor\\laravel\\framework\\src\\Illuminate\\Database\\Query\\Builder.php(3853): Illuminate\\Database\\Query\\Processors\\MySqlProcessor->processInsertGetId(Object(Illuminate\\Database\\Query\\Builder), 'insert into `pr...', Array, 'id')
#4 D:\\vipuljadav\\www\\projects\\laravel\\MagnetHCS\\vendor\\laravel\\framework\\src\\Illuminate\\Database\\Eloquent\\Builder.php(2205): Illuminate\\Database\\Query\\Builder->insertGetId(Array, 'id')
#5 D:\\vipuljadav\\www\\projects\\laravel\\MagnetHCS\\vendor\\laravel\\framework\\src\\Illuminate\\Database\\Eloquent\\Model.php(1427): Illuminate\\Database\\Eloquent\\Builder->__call('insertGetId', Array)
#6 D:\\vipuljadav\\www\\projects\\laravel\\MagnetHCS\\vendor\\laravel\\framework\\src\\Illuminate\\Database\\Eloquent\\Model.php(1392): Illuminate\\Database\\Eloquent\\Model->insertAndSetId(Object(Illuminate\\Database\\Eloquent\\Builder), Array)
#7 D:\\vipuljadav\\www\\projects\\laravel\\MagnetHCS\\vendor\\laravel\\framework\\src\\Illuminate\\Database\\Eloquent\\Model.php(1231): Illuminate\\Database\\Eloquent\\Model->performInsert(Object(Illuminate\\Database\\Eloquent\\Builder))
#8 D:\\vipuljadav\\www\\projects\\laravel\\MagnetHCS\\vendor\\laravel\\framework\\src\\Illuminate\\Database\\Eloquent\\Builder.php(1189): Illuminate\\Database\\Eloquent\\Model->save()
#9 D:\\vipuljadav\\www\\projects\\laravel\\MagnetHCS\\vendor\\laravel\\framework\\src\\Illuminate\\Support\\helpers.php(399): Illuminate\\Database\\Eloquent\\Builder->Illuminate\\Database\\Eloquent\\{closure}(Object(App\\Modules\\Program\\Models\\Program))
#10 D:\\vipuljadav\\www\\projects\\laravel\\MagnetHCS\\vendor\\laravel\\framework\\src\\Illuminate\\Database\\Eloquent\\Builder.php(1188): tap(Object(App\\Modules\\Program\\Models\\Program), Object(Closure))
#11 D:\\vipuljadav\\www\\projects\\laravel\\MagnetHCS\\vendor\\laravel\\framework\\src\\Illuminate\\Support\\Traits\\ForwardsCalls.php(23): Illuminate\\Database\\Eloquent\\Builder->create(Array)
#12 D:\\vipuljadav\\www\\projects\\laravel\\MagnetHCS\\vendor\\laravel\\framework\\src\\Illuminate\\Database\\Eloquent\\Model.php(2518): Illuminate\\Database\\Eloquent\\Model->forwardCallTo(Object(Illuminate\\Database\\Eloquent\\Builder), 'create', Array)
#13 D:\\vipuljadav\\www\\projects\\laravel\\MagnetHCS\\vendor\\laravel\\framework\\src\\Illuminate\\Database\\Eloquent\\Model.php(2534): Illuminate\\Database\\Eloquent\\Model->__call('create', Array)
#14 D:\\vipuljadav\\www\\projects\\laravel\\MagnetHCS\\app\\Modules\\Program\\Controllers\\ProgramController.php(179): Illuminate\\Database\\Eloquent\\Model::__callStatic('create', Array)
#15 D:\\vipuljadav\\www\\projects\\laravel\\MagnetHCS\\vendor\\laravel\\framework\\src\\Illuminate\\Routing\\Controller.php(54): App\\Modules\\Program\\Controllers\\ProgramController->store(Object(Illuminate\\Http\\Request))
#16 D:\\vipuljadav\\www\\projects\\laravel\\MagnetHCS\\vendor\\laravel\\framework\\src\\Illuminate\\Routing\\ControllerDispatcher.php(43): Illuminate\\Routing\\Controller->callAction('store', Array)
#17 D:\\vipuljadav\\www\\projects\\laravel\\MagnetHCS\\vendor\\laravel\\framework\\src\\Illuminate\\Routing\\Route.php(265): Illuminate\\Routing\\ControllerDispatcher->dispatch(Object(Illuminate\\Routing\\Route), Object(App\\Modules\\Program\\Controllers\\ProgramController), 'store')
#18 D:\\vipuljadav\\www\\projects\\laravel\\MagnetHCS\\vendor\\laravel\\framework\\src\\Illuminate\\Routing\\Route.php(211): Illuminate\\Routing\\Route->runController()
#19 D:\\vipuljadav\\www\\projects\\laravel\\MagnetHCS\\vendor\\laravel\\framework\\src\\Illuminate\\Routing\\Router.php(808): Illuminate\\Routing\\Route->run()
#20 D:\\vipuljadav\\www\\projects\\laravel\\MagnetHCS\\vendor\\laravel\\framework\\src\\Illuminate\\Pipeline\\Pipeline.php(169): Illuminate\\Routing\\Router->Illuminate\\Routing\\{closure}(Object(Illuminate\\Http\\Request))
#21 D:\\vipuljadav\\www\\projects\\laravel\\MagnetHCS\\app\\Http\\Middleware\\CheckSuperAdmin.php(21): Illuminate\\Pipeline\\Pipeline->Illuminate\\Pipeline\\{closure}(Object(Illuminate\\Http\\Request))
#22 D:\\vipuljadav\\www\\projects\\laravel\\MagnetHCS\\vendor\\laravel\\framework\\src\\Illuminate\\Pipeline\\Pipeline.php(208): App\\Http\\Middleware\\CheckSuperAdmin->handle(Object(Illuminate\\Http\\Request), Object(Closure))
#23 D:\\vipuljadav\\www\\projects\\laravel\\MagnetHCS\\vendor\\laravel\\framework\\src\\Illuminate\\Routing\\Middleware\\SubstituteBindings.php(50): Illuminate\\Pipeline\\Pipeline->Illuminate\\Pipeline\\{closure}(Object(Illuminate\\Http\\Request))
#24 D:\\vipuljadav\\www\\projects\\laravel\\MagnetHCS\\vendor\\laravel\\framework\\src\\Illuminate\\Pipeline\\Pipeline.php(208): Illuminate\\Routing\\Middleware\\SubstituteBindings->handle(Object(Illuminate\\Http\\Request), Object(Closure))
#25 D:\\vipuljadav\\www\\projects\\laravel\\MagnetHCS\\vendor\\laravel\\framework\\src\\Illuminate\\Auth\\Middleware\\Authenticate.php(63): Illuminate\\Pipeline\\Pipeline->Illuminate\\Pipeline\\{closure}(Object(Illuminate\\Http\\Request))
#26 D:\\vipuljadav\\www\\projects\\laravel\\MagnetHCS\\vendor\\laravel\\framework\\src\\Illuminate\\Pipeline\\Pipeline.php(208): Illuminate\\Auth\\Middleware\\Authenticate->handle(Object(Illuminate\\Http\\Request), Object(Closure))
#27 D:\\vipuljadav\\www\\projects\\laravel\\MagnetHCS\\vendor\\laravel\\framework\\src\\Illuminate\\Foundation\\Http\\Middleware\\VerifyCsrfToken.php(87): Illuminate\\Pipeline\\Pipeline->Illuminate\\Pipeline\\{closure}(Object(Illuminate\\Http\\Request))
#28 D:\\vipuljadav\\www\\projects\\laravel\\MagnetHCS\\vendor\\laravel\\framework\\src\\Illuminate\\Pipeline\\Pipeline.php(208): Illuminate\\Foundation\\Http\\Middleware\\VerifyCsrfToken->handle(Object(Illuminate\\Http\\Request), Object(Closure))
#29 D:\\vipuljadav\\www\\projects\\laravel\\MagnetHCS\\vendor\\laravel\\framework\\src\\Illuminate\\View\\Middleware\\ShareErrorsFromSession.php(48): Illuminate\\Pipeline\\Pipeline->Illuminate\\Pipeline\\{closure}(Object(Illuminate\\Http\\Request))
#30 D:\\vipuljadav\\www\\projects\\laravel\\MagnetHCS\\vendor\\laravel\\framework\\src\\Illuminate\\Pipeline\\Pipeline.php(208): Illuminate\\View\\Middleware\\ShareErrorsFromSession->handle(Object(Illuminate\\Http\\Request), Object(Closure))
#31 D:\\vipuljadav\\www\\projects\\laravel\\MagnetHCS\\vendor\\laravel\\framework\\src\\Illuminate\\Session\\Middleware\\StartSession.php(120): Illuminate\\Pipeline\\Pipeline->Illuminate\\Pipeline\\{closure}(Object(Illuminate\\Http\\Request))
#32 D:\\vipuljadav\\www\\projects\\laravel\\MagnetHCS\\vendor\\laravel\\framework\\src\\Illuminate\\Session\\Middleware\\StartSession.php(63): Illuminate\\Session\\Middleware\\StartSession->handleStatefulRequest(Object(Illuminate\\Http\\Request), Object(Illuminate\\Session\\Store), Object(Closure))
#33 D:\\vipuljadav\\www\\projects\\laravel\\MagnetHCS\\vendor\\laravel\\framework\\src\\Illuminate\\Pipeline\\Pipeline.php(208): Illuminate\\Session\\Middleware\\StartSession->handle(Object(Illuminate\\Http\\Request), Object(Closure))
#34 D:\\vipuljadav\\www\\projects\\laravel\\MagnetHCS\\vendor\\laravel\\framework\\src\\Illuminate\\Cookie\\Middleware\\AddQueuedCookiesToResponse.php(36): Illuminate\\Pipeline\\Pipeline->Illuminate\\Pipeline\\{closure}(Object(Illuminate\\Http\\Request))
#35 D:\\vipuljadav\\www\\projects\\laravel\\MagnetHCS\\vendor\\laravel\\framework\\src\\Illuminate\\Pipeline\\Pipeline.php(208): Illuminate\\Cookie\\Middleware\\AddQueuedCookiesToResponse->handle(Object(Illuminate\\Http\\Request), Object(Closure))
#36 D:\\vipuljadav\\www\\projects\\laravel\\MagnetHCS\\vendor\\laravel\\framework\\src\\Illuminate\\Cookie\\Middleware\\EncryptCookies.php(74): Illuminate\\Pipeline\\Pipeline->Illuminate\\Pipeline\\{closure}(Object(Illuminate\\Http\\Request))
#37 D:\\vipuljadav\\www\\projects\\laravel\\MagnetHCS\\vendor\\laravel\\framework\\src\\Illuminate\\Pipeline\\Pipeline.php(208): Illuminate\\Cookie\\Middleware\\EncryptCookies->handle(Object(Illuminate\\Http\\Request), Object(Closure))
#38 D:\\vipuljadav\\www\\projects\\laravel\\MagnetHCS\\vendor\\laravel\\framework\\src\\Illuminate\\Pipeline\\Pipeline.php(126): Illuminate\\Pipeline\\Pipeline->Illuminate\\Pipeline\\{closure}(Object(Illuminate\\Http\\Request))
#39 D:\\vipuljadav\\www\\projects\\laravel\\MagnetHCS\\vendor\\laravel\\framework\\src\\Illuminate\\Routing\\Router.php(807): Illuminate\\Pipeline\\Pipeline->then(Object(Closure))
#40 D:\\vipuljadav\\www\\projects\\laravel\\MagnetHCS\\vendor\\laravel\\framework\\src\\Illuminate\\Routing\\Router.php(786): Illuminate\\Routing\\Router->runRouteWithinStack(Object(Illuminate\\Routing\\Route), Object(Illuminate\\Http\\Request))
#41 D:\\vipuljadav\\www\\projects\\laravel\\MagnetHCS\\vendor\\laravel\\framework\\src\\Illuminate\\Routing\\Router.php(750): Illuminate\\Routing\\Router->runRoute(Object(Illuminate\\Http\\Request), Object(Illuminate\\Routing\\Route))
#42 D:\\vipuljadav\\www\\projects\\laravel\\MagnetHCS\\vendor\\laravel\\framework\\src\\Illuminate\\Routing\\Router.php(739): Illuminate\\Routing\\Router->dispatchToRoute(Object(Illuminate\\Http\\Request))
#43 D:\\vipuljadav\\www\\projects\\laravel\\MagnetHCS\\vendor\\laravel\\framework\\src\\Illuminate\\Foundation\\Http\\Kernel.php(200): Illuminate\\Routing\\Router->dispatch(Object(Illuminate\\Http\\Request))
#44 D:\\vipuljadav\\www\\projects\\laravel\\MagnetHCS\\vendor\\laravel\\framework\\src\\Illuminate\\Pipeline\\Pipeline.php(169): Illuminate\\Foundation\\Http\\Kernel->Illuminate\\Foundation\\Http\\{closure}(Object(Illuminate\\Http\\Request))
#45 D:\\vipuljadav\\www\\projects\\laravel\\MagnetHCS\\vendor\\laravel\\framework\\src\\Illuminate\\Foundation\\Http\\Middleware\\TransformsRequest.php(21): Illuminate\\Pipeline\\Pipeline->Illuminate\\Pipeline\\{closure}(Object(Illuminate\\Http\\Request))
#46 D:\\vipuljadav\\www\\projects\\laravel\\MagnetHCS\\vendor\\laravel\\framework\\src\\Illuminate\\Foundation\\Http\\Middleware\\ConvertEmptyStringsToNull.php(31): Illuminate\\Foundation\\Http\\Middleware\\TransformsRequest->handle(Object(Illuminate\\Http\\Request), Object(Closure))
#47 D:\\vipuljadav\\www\\projects\\laravel\\MagnetHCS\\vendor\\laravel\\framework\\src\\Illuminate\\Pipeline\\Pipeline.php(208): Illuminate\\Foundation\\Http\\Middleware\\ConvertEmptyStringsToNull->handle(Object(Illuminate\\Http\\Request), Object(Closure))
#48 D:\\vipuljadav\\www\\projects\\laravel\\MagnetHCS\\vendor\\laravel\\framework\\src\\Illuminate\\Foundation\\Http\\Middleware\\TransformsRequest.php(21): Illuminate\\Pipeline\\Pipeline->Illuminate\\Pipeline\\{closure}(Object(Illuminate\\Http\\Request))
#49 D:\\vipuljadav\\www\\projects\\laravel\\MagnetHCS\\vendor\\laravel\\framework\\src\\Illuminate\\Foundation\\Http\\Middleware\\TrimStrings.php(51): Illuminate\\Foundation\\Http\\Middleware\\TransformsRequest->handle(Object(Illuminate\\Http\\Request), Object(Closure))
#50 D:\\vipuljadav\\www\\projects\\laravel\\MagnetHCS\\vendor\\laravel\\framework\\src\\Illuminate\\Pipeline\\Pipeline.php(208): Illuminate\\Foundation\\Http\\Middleware\\TrimStrings->handle(Object(Illuminate\\Http\\Request), Object(Closure))
#51 D:\\vipuljadav\\www\\projects\\laravel\\MagnetHCS\\vendor\\laravel\\framework\\src\\Illuminate\\Http\\Middleware\\ValidatePostSize.php(27): Illuminate\\Pipeline\\Pipeline->Illuminate\\Pipeline\\{closure}(Object(Illuminate\\Http\\Request))
#52 D:\\vipuljadav\\www\\projects\\laravel\\MagnetHCS\\vendor\\laravel\\framework\\src\\Illuminate\\Pipeline\\Pipeline.php(208): Illuminate\\Http\\Middleware\\ValidatePostSize->handle(Object(Illuminate\\Http\\Request), Object(Closure))
#53 D:\\vipuljadav\\www\\projects\\laravel\\MagnetHCS\\vendor\\laravel\\framework\\src\\Illuminate\\Foundation\\Http\\Middleware\\PreventRequestsDuringMaintenance.php(109): Illuminate\\Pipeline\\Pipeline->Illuminate\\Pipeline\\{closure}(Object(Illuminate\\Http\\Request))
#54 D:\\vipuljadav\\www\\projects\\laravel\\MagnetHCS\\vendor\\laravel\\framework\\src\\Illuminate\\Pipeline\\Pipeline.php(208): Illuminate\\Foundation\\Http\\Middleware\\PreventRequestsDuringMaintenance->handle(Object(Illuminate\\Http\\Request), Object(Closure))
#55 D:\\vipuljadav\\www\\projects\\laravel\\MagnetHCS\\vendor\\laravel\\framework\\src\\Illuminate\\Http\\Middleware\\HandleCors.php(48): Illuminate\\Pipeline\\Pipeline->Illuminate\\Pipeline\\{closure}(Object(Illuminate\\Http\\Request))
#56 D:\\vipuljadav\\www\\projects\\laravel\\MagnetHCS\\vendor\\laravel\\framework\\src\\Illuminate\\Pipeline\\Pipeline.php(208): Illuminate\\Http\\Middleware\\HandleCors->handle(Object(Illuminate\\Http\\Request), Object(Closure))
#57 D:\\vipuljadav\\www\\projects\\laravel\\MagnetHCS\\vendor\\laravel\\framework\\src\\Illuminate\\Http\\Middleware\\TrustProxies.php(58): Illuminate\\Pipeline\\Pipeline->Illuminate\\Pipeline\\{closure}(Object(Illuminate\\Http\\Request))
#58 D:\\vipuljadav\\www\\projects\\laravel\\MagnetHCS\\vendor\\laravel\\framework\\src\\Illuminate\\Pipeline\\Pipeline.php(208): Illuminate\\Http\\Middleware\\TrustProxies->handle(Object(Illuminate\\Http\\Request), Object(Closure))
#59 D:\\vipuljadav\\www\\projects\\laravel\\MagnetHCS\\vendor\\laravel\\framework\\src\\Illuminate\\Pipeline\\Pipeline.php(126): Illuminate\\Pipeline\\Pipeline->Illuminate\\Pipeline\\{closure}(Object(Illuminate\\Http\\Request))
#60 D:\\vipuljadav\\www\\projects\\laravel\\MagnetHCS\\vendor\\laravel\\framework\\src\\Illuminate\\Foundation\\Http\\Kernel.php(175): Illuminate\\Pipeline\\Pipeline->then(Object(Closure))
#61 D:\\vipuljadav\\www\\projects\\laravel\\MagnetHCS\\vendor\\laravel\\framework\\src\\Illuminate\\Foundation\\Http\\Kernel.php(144): Illuminate\\Foundation\\Http\\Kernel->sendRequestThroughRouter(Object(Illuminate\\Http\\Request))
#62 D:\\vipuljadav\\www\\projects\\laravel\\MagnetHCS\\public\\index.php(54): Illuminate\\Foundation\\Http\\Kernel->handle(Object(Illuminate\\Http\\Request))
#63 D:\\vipuljadav\\www\\projects\\laravel\\MagnetHCS\\vendor\\laravel\\framework\\src\\Illuminate\\Foundation\\resources\\server.php(23): require_once('D:\\\\vipuljadav\\\\w...')
#64 {main}

[previous exception] [object] (PDOException(code: 42S22): SQLSTATE[42S22]: Column not found: 1054 Unknown column 'feeder_data' in 'field list' at D:\\vipuljadav\\www\\projects\\laravel\\MagnetHCS\\vendor\\laravel\\framework\\src\\Illuminate\\Database\\MySqlConnection.php:47)
[stacktrace]
#0 D:\\vipuljadav\\www\\projects\\laravel\\MagnetHCS\\vendor\\laravel\\framework\\src\\Illuminate\\Database\\MySqlConnection.php(47): PDO->prepare('insert into `pr...')
#1 D:\\vipuljadav\\www\\projects\\laravel\\MagnetHCS\\vendor\\laravel\\framework\\src\\Illuminate\\Database\\Connection.php(811): Illuminate\\Database\\MySqlConnection->Illuminate\\Database\\{closure}('insert into `pr...', Array)
#2 D:\\vipuljadav\\www\\projects\\laravel\\MagnetHCS\\vendor\\laravel\\framework\\src\\Illuminate\\Database\\Connection.php(778): Illuminate\\Database\\Connection->runQueryCallback('insert into `pr...', Array, Object(Closure))
#3 D:\\vipuljadav\\www\\projects\\laravel\\MagnetHCS\\vendor\\laravel\\framework\\src\\Illuminate\\Database\\MySqlConnection.php(42): Illuminate\\Database\\Connection->run('insert into `pr...', Array, Object(Closure))
#4 D:\\vipuljadav\\www\\projects\\laravel\\MagnetHCS\\vendor\\laravel\\framework\\src\\Illuminate\\Database\\Query\\Processors\\MySqlProcessor.php(35): Illuminate\\Database\\MySqlConnection->insert('insert into `pr...', Array, 'id')
#5 D:\\vipuljadav\\www\\projects\\laravel\\MagnetHCS\\vendor\\laravel\\framework\\src\\Illuminate\\Database\\Query\\Builder.php(3853): Illuminate\\Database\\Query\\Processors\\MySqlProcessor->processInsertGetId(Object(Illuminate\\Database\\Query\\Builder), 'insert into `pr...', Array, 'id')
#6 D:\\vipuljadav\\www\\projects\\laravel\\MagnetHCS\\vendor\\laravel\\framework\\src\\Illuminate\\Database\\Eloquent\\Builder.php(2205): Illuminate\\Database\\Query\\Builder->insertGetId(Array, 'id')
#7 D:\\vipuljadav\\www\\projects\\laravel\\MagnetHCS\\vendor\\laravel\\framework\\src\\Illuminate\\Database\\Eloquent\\Model.php(1427): Illuminate\\Database\\Eloquent\\Builder->__call('insertGetId', Array)
#8 D:\\vipuljadav\\www\\projects\\laravel\\MagnetHCS\\vendor\\laravel\\framework\\src\\Illuminate\\Database\\Eloquent\\Model.php(1392): Illuminate\\Database\\Eloquent\\Model->insertAndSetId(Object(Illuminate\\Database\\Eloquent\\Builder), Array)
#9 D:\\vipuljadav\\www\\projects\\laravel\\MagnetHCS\\vendor\\laravel\\framework\\src\\Illuminate\\Database\\Eloquent\\Model.php(1231): Illuminate\\Database\\Eloquent\\Model->performInsert(Object(Illuminate\\Database\\Eloquent\\Builder))
#10 D:\\vipuljadav\\www\\projects\\laravel\\MagnetHCS\\vendor\\laravel\\framework\\src\\Illuminate\\Database\\Eloquent\\Builder.php(1189): Illuminate\\Database\\Eloquent\\Model->save()
#11 D:\\vipuljadav\\www\\projects\\laravel\\MagnetHCS\\vendor\\laravel\\framework\\src\\Illuminate\\Support\\helpers.php(399): Illuminate\\Database\\Eloquent\\Builder->Illuminate\\Database\\Eloquent\\{closure}(Object(App\\Modules\\Program\\Models\\Program))
#12 D:\\vipuljadav\\www\\projects\\laravel\\MagnetHCS\\vendor\\laravel\\framework\\src\\Illuminate\\Database\\Eloquent\\Builder.php(1188): tap(Object(App\\Modules\\Program\\Models\\Program), Object(Closure))
#13 D:\\vipuljadav\\www\\projects\\laravel\\MagnetHCS\\vendor\\laravel\\framework\\src\\Illuminate\\Support\\Traits\\ForwardsCalls.php(23): Illuminate\\Database\\Eloquent\\Builder->create(Array)
#14 D:\\vipuljadav\\www\\projects\\laravel\\MagnetHCS\\vendor\\laravel\\framework\\src\\Illuminate\\Database\\Eloquent\\Model.php(2518): Illuminate\\Database\\Eloquent\\Model->forwardCallTo(Object(Illuminate\\Database\\Eloquent\\Builder), 'create', Array)
#15 D:\\vipuljadav\\www\\projects\\laravel\\MagnetHCS\\vendor\\laravel\\framework\\src\\Illuminate\\Database\\Eloquent\\Model.php(2534): Illuminate\\Database\\Eloquent\\Model->__call('create', Array)
#16 D:\\vipuljadav\\www\\projects\\laravel\\MagnetHCS\\app\\Modules\\Program\\Controllers\\ProgramController.php(179): Illuminate\\Database\\Eloquent\\Model::__callStatic('create', Array)
#17 D:\\vipuljadav\\www\\projects\\laravel\\MagnetHCS\\vendor\\laravel\\framework\\src\\Illuminate\\Routing\\Controller.php(54): App\\Modules\\Program\\Controllers\\ProgramController->store(Object(Illuminate\\Http\\Request))
#18 D:\\vipuljadav\\www\\projects\\laravel\\MagnetHCS\\vendor\\laravel\\framework\\src\\Illuminate\\Routing\\ControllerDispatcher.php(43): Illuminate\\Routing\\Controller->callAction('store', Array)
#19 D:\\vipuljadav\\www\\projects\\laravel\\MagnetHCS\\vendor\\laravel\\framework\\src\\Illuminate\\Routing\\Route.php(265): Illuminate\\Routing\\ControllerDispatcher->dispatch(Object(Illuminate\\Routing\\Route), Object(App\\Modules\\Program\\Controllers\\ProgramController), 'store')
#20 D:\\vipuljadav\\www\\projects\\laravel\\MagnetHCS\\vendor\\laravel\\framework\\src\\Illuminate\\Routing\\Route.php(211): Illuminate\\Routing\\Route->runController()
#21 D:\\vipuljadav\\www\\projects\\laravel\\MagnetHCS\\vendor\\laravel\\framework\\src\\Illuminate\\Routing\\Router.php(808): Illuminate\\Routing\\Route->run()
#22 D:\\vipuljadav\\www\\projects\\laravel\\MagnetHCS\\vendor\\laravel\\framework\\src\\Illuminate\\Pipeline\\Pipeline.php(169): Illuminate\\Routing\\Router->Illuminate\\Routing\\{closure}(Object(Illuminate\\Http\\Request))
#23 D:\\vipuljadav\\www\\projects\\laravel\\MagnetHCS\\app\\Http\\Middleware\\CheckSuperAdmin.php(21): Illuminate\\Pipeline\\Pipeline->Illuminate\\Pipeline\\{closure}(Object(Illuminate\\Http\\Request))
#24 D:\\vipuljadav\\www\\projects\\laravel\\MagnetHCS\\vendor\\laravel\\framework\\src\\Illuminate\\Pipeline\\Pipeline.php(208): App\\Http\\Middleware\\CheckSuperAdmin->handle(Object(Illuminate\\Http\\Request), Object(Closure))
#25 D:\\vipuljadav\\www\\projects\\laravel\\MagnetHCS\\vendor\\laravel\\framework\\src\\Illuminate\\Routing\\Middleware\\SubstituteBindings.php(50): Illuminate\\Pipeline\\Pipeline->Illuminate\\Pipeline\\{closure}(Object(Illuminate\\Http\\Request))
#26 D:\\vipuljadav\\www\\projects\\laravel\\MagnetHCS\\vendor\\laravel\\framework\\src\\Illuminate\\Pipeline\\Pipeline.php(208): Illuminate\\Routing\\Middleware\\SubstituteBindings->handle(Object(Illuminate\\Http\\Request), Object(Closure))
#27 D:\\vipuljadav\\www\\projects\\laravel\\MagnetHCS\\vendor\\laravel\\framework\\src\\Illuminate\\Auth\\Middleware\\Authenticate.php(63): Illuminate\\Pipeline\\Pipeline->Illuminate\\Pipeline\\{closure}(Object(Illuminate\\Http\\Request))
#28 D:\\vipuljadav\\www\\projects\\laravel\\MagnetHCS\\vendor\\laravel\\framework\\src\\Illuminate\\Pipeline\\Pipeline.php(208): Illuminate\\Auth\\Middleware\\Authenticate->handle(Object(Illuminate\\Http\\Request), Object(Closure))
#29 D:\\vipuljadav\\www\\projects\\laravel\\MagnetHCS\\vendor\\laravel\\framework\\src\\Illuminate\\Foundation\\Http\\Middleware\\VerifyCsrfToken.php(87): Illuminate\\Pipeline\\Pipeline->Illuminate\\Pipeline\\{closure}(Object(Illuminate\\Http\\Request))
#30 D:\\vipuljadav\\www\\projects\\laravel\\MagnetHCS\\vendor\\laravel\\framework\\src\\Illuminate\\Pipeline\\Pipeline.php(208): Illuminate\\Foundation\\Http\\Middleware\\VerifyCsrfToken->handle(Object(Illuminate\\Http\\Request), Object(Closure))
#31 D:\\vipuljadav\\www\\projects\\laravel\\MagnetHCS\\vendor\\laravel\\framework\\src\\Illuminate\\View\\Middleware\\ShareErrorsFromSession.php(48): Illuminate\\Pipeline\\Pipeline->Illuminate\\Pipeline\\{closure}(Object(Illuminate\\Http\\Request))
#32 D:\\vipuljadav\\www\\projects\\laravel\\MagnetHCS\\vendor\\laravel\\framework\\src\\Illuminate\\Pipeline\\Pipeline.php(208): Illuminate\\View\\Middleware\\ShareErrorsFromSession->handle(Object(Illuminate\\Http\\Request), Object(Closure))
#33 D:\\vipuljadav\\www\\projects\\laravel\\MagnetHCS\\vendor\\laravel\\framework\\src\\Illuminate\\Session\\Middleware\\StartSession.php(120): Illuminate\\Pipeline\\Pipeline->Illuminate\\Pipeline\\{closure}(Object(Illuminate\\Http\\Request))
#34 D:\\vipuljadav\\www\\projects\\laravel\\MagnetHCS\\vendor\\laravel\\framework\\src\\Illuminate\\Session\\Middleware\\StartSession.php(63): Illuminate\\Session\\Middleware\\StartSession->handleStatefulRequest(Object(Illuminate\\Http\\Request), Object(Illuminate\\Session\\Store), Object(Closure))
#35 D:\\vipuljadav\\www\\projects\\laravel\\MagnetHCS\\vendor\\laravel\\framework\\src\\Illuminate\\Pipeline\\Pipeline.php(208): Illuminate\\Session\\Middleware\\StartSession->handle(Object(Illuminate\\Http\\Request), Object(Closure))
#36 D:\\vipuljadav\\www\\projects\\laravel\\MagnetHCS\\vendor\\laravel\\framework\\src\\Illuminate\\Cookie\\Middleware\\AddQueuedCookiesToResponse.php(36): Illuminate\\Pipeline\\Pipeline->Illuminate\\Pipeline\\{closure}(Object(Illuminate\\Http\\Request))
#37 D:\\vipuljadav\\www\\projects\\laravel\\MagnetHCS\\vendor\\laravel\\framework\\src\\Illuminate\\Pipeline\\Pipeline.php(208): Illuminate\\Cookie\\Middleware\\AddQueuedCookiesToResponse->handle(Object(Illuminate\\Http\\Request), Object(Closure))
#38 D:\\vipuljadav\\www\\projects\\laravel\\MagnetHCS\\vendor\\laravel\\framework\\src\\Illuminate\\Cookie\\Middleware\\EncryptCookies.php(74): Illuminate\\Pipeline\\Pipeline->Illuminate\\Pipeline\\{closure}(Object(Illuminate\\Http\\Request))
#39 D:\\vipuljadav\\www\\projects\\laravel\\MagnetHCS\\vendor\\laravel\\framework\\src\\Illuminate\\Pipeline\\Pipeline.php(208): Illuminate\\Cookie\\Middleware\\EncryptCookies->handle(Object(Illuminate\\Http\\Request), Object(Closure))
#40 D:\\vipuljadav\\www\\projects\\laravel\\MagnetHCS\\vendor\\laravel\\framework\\src\\Illuminate\\Pipeline\\Pipeline.php(126): Illuminate\\Pipeline\\Pipeline->Illuminate\\Pipeline\\{closure}(Object(Illuminate\\Http\\Request))
#41 D:\\vipuljadav\\www\\projects\\laravel\\MagnetHCS\\vendor\\laravel\\framework\\src\\Illuminate\\Routing\\Router.php(807): Illuminate\\Pipeline\\Pipeline->then(Object(Closure))
#42 D:\\vipuljadav\\www\\projects\\laravel\\MagnetHCS\\vendor\\laravel\\framework\\src\\Illuminate\\Routing\\Router.php(786): Illuminate\\Routing\\Router->runRouteWithinStack(Object(Illuminate\\Routing\\Route), Object(Illuminate\\Http\\Request))
#43 D:\\vipuljadav\\www\\projects\\laravel\\MagnetHCS\\vendor\\laravel\\framework\\src\\Illuminate\\Routing\\Router.php(750): Illuminate\\Routing\\Router->runRoute(Object(Illuminate\\Http\\Request), Object(Illuminate\\Routing\\Route))
#44 D:\\vipuljadav\\www\\projects\\laravel\\MagnetHCS\\vendor\\laravel\\framework\\src\\Illuminate\\Routing\\Router.php(739): Illuminate\\Routing\\Router->dispatchToRoute(Object(Illuminate\\Http\\Request))
#45 D:\\vipuljadav\\www\\projects\\laravel\\MagnetHCS\\vendor\\laravel\\framework\\src\\Illuminate\\Foundation\\Http\\Kernel.php(200): Illuminate\\Routing\\Router->dispatch(Object(Illuminate\\Http\\Request))
#46 D:\\vipuljadav\\www\\projects\\laravel\\MagnetHCS\\vendor\\laravel\\framework\\src\\Illuminate\\Pipeline\\Pipeline.php(169): Illuminate\\Foundation\\Http\\Kernel->Illuminate\\Foundation\\Http\\{closure}(Object(Illuminate\\Http\\Request))
#47 D:\\vipuljadav\\www\\projects\\laravel\\MagnetHCS\\vendor\\laravel\\framework\\src\\Illuminate\\Foundation\\Http\\Middleware\\TransformsRequest.php(21): Illuminate\\Pipeline\\Pipeline->Illuminate\\Pipeline\\{closure}(Object(Illuminate\\Http\\Request))
#48 D:\\vipuljadav\\www\\projects\\laravel\\MagnetHCS\\vendor\\laravel\\framework\\src\\Illuminate\\Foundation\\Http\\Middleware\\ConvertEmptyStringsToNull.php(31): Illuminate\\Foundation\\Http\\Middleware\\TransformsRequest->handle(Object(Illuminate\\Http\\Request), Object(Closure))
#49 D:\\vipuljadav\\www\\projects\\laravel\\MagnetHCS\\vendor\\laravel\\framework\\src\\Illuminate\\Pipeline\\Pipeline.php(208): Illuminate\\Foundation\\Http\\Middleware\\ConvertEmptyStringsToNull->handle(Object(Illuminate\\Http\\Request), Object(Closure))
#50 D:\\vipuljadav\\www\\projects\\laravel\\MagnetHCS\\vendor\\laravel\\framework\\src\\Illuminate\\Foundation\\Http\\Middleware\\TransformsRequest.php(21): Illuminate\\Pipeline\\Pipeline->Illuminate\\Pipeline\\{closure}(Object(Illuminate\\Http\\Request))
#51 D:\\vipuljadav\\www\\projects\\laravel\\MagnetHCS\\vendor\\laravel\\framework\\src\\Illuminate\\Foundation\\Http\\Middleware\\TrimStrings.php(51): Illuminate\\Foundation\\Http\\Middleware\\TransformsRequest->handle(Object(Illuminate\\Http\\Request), Object(Closure))
#52 D:\\vipuljadav\\www\\projects\\laravel\\MagnetHCS\\vendor\\laravel\\framework\\src\\Illuminate\\Pipeline\\Pipeline.php(208): Illuminate\\Foundation\\Http\\Middleware\\TrimStrings->handle(Object(Illuminate\\Http\\Request), Object(Closure))
#53 D:\\vipuljadav\\www\\projects\\laravel\\MagnetHCS\\vendor\\laravel\\framework\\src\\Illuminate\\Http\\Middleware\\ValidatePostSize.php(27): Illuminate\\Pipeline\\Pipeline->Illuminate\\Pipeline\\{closure}(Object(Illuminate\\Http\\Request))
#54 D:\\vipuljadav\\www\\projects\\laravel\\MagnetHCS\\vendor\\laravel\\framework\\src\\Illuminate\\Pipeline\\Pipeline.php(208): Illuminate\\Http\\Middleware\\ValidatePostSize->handle(Object(Illuminate\\Http\\Request), Object(Closure))
#55 D:\\vipuljadav\\www\\projects\\laravel\\MagnetHCS\\vendor\\laravel\\framework\\src\\Illuminate\\Foundation\\Http\\Middleware\\PreventRequestsDuringMaintenance.php(109): Illuminate\\Pipeline\\Pipeline->Illuminate\\Pipeline\\{closure}(Object(Illuminate\\Http\\Request))
#56 D:\\vipuljadav\\www\\projects\\laravel\\MagnetHCS\\vendor\\laravel\\framework\\src\\Illuminate\\Pipeline\\Pipeline.php(208): Illuminate\\Foundation\\Http\\Middleware\\PreventRequestsDuringMaintenance->handle(Object(Illuminate\\Http\\Request), Object(Closure))
#57 D:\\vipuljadav\\www\\projects\\laravel\\MagnetHCS\\vendor\\laravel\\framework\\src\\Illuminate\\Http\\Middleware\\HandleCors.php(48): Illuminate\\Pipeline\\Pipeline->Illuminate\\Pipeline\\{closure}(Object(Illuminate\\Http\\Request))
#58 D:\\vipuljadav\\www\\projects\\laravel\\MagnetHCS\\vendor\\laravel\\framework\\src\\Illuminate\\Pipeline\\Pipeline.php(208): Illuminate\\Http\\Middleware\\HandleCors->handle(Object(Illuminate\\Http\\Request), Object(Closure))
#59 D:\\vipuljadav\\www\\projects\\laravel\\MagnetHCS\\vendor\\laravel\\framework\\src\\Illuminate\\Http\\Middleware\\TrustProxies.php(58): Illuminate\\Pipeline\\Pipeline->Illuminate\\Pipeline\\{closure}(Object(Illuminate\\Http\\Request))
#60 D:\\vipuljadav\\www\\projects\\laravel\\MagnetHCS\\vendor\\laravel\\framework\\src\\Illuminate\\Pipeline\\Pipeline.php(208): Illuminate\\Http\\Middleware\\TrustProxies->handle(Object(Illuminate\\Http\\Request), Object(Closure))
#61 D:\\vipuljadav\\www\\projects\\laravel\\MagnetHCS\\vendor\\laravel\\framework\\src\\Illuminate\\Pipeline\\Pipeline.php(126): Illuminate\\Pipeline\\Pipeline->Illuminate\\Pipeline\\{closure}(Object(Illuminate\\Http\\Request))
#62 D:\\vipuljadav\\www\\projects\\laravel\\MagnetHCS\\vendor\\laravel\\framework\\src\\Illuminate\\Foundation\\Http\\Kernel.php(175): Illuminate\\Pipeline\\Pipeline->then(Object(Closure))
#63 D:\\vipuljadav\\www\\projects\\laravel\\MagnetHCS\\vendor\\laravel\\framework\\src\\Illuminate\\Foundation\\Http\\Kernel.php(144): Illuminate\\Foundation\\Http\\Kernel->sendRequestThroughRouter(Object(Illuminate\\Http\\Request))
#64 D:\\vipuljadav\\www\\projects\\laravel\\MagnetHCS\\public\\index.php(54): Illuminate\\Foundation\\Http\\Kernel->handle(Object(Illuminate\\Http\\Request))
#65 D:\\vipuljadav\\www\\projects\\laravel\\MagnetHCS\\vendor\\laravel\\framework\\src\\Illuminate\\Foundation\\resources\\server.php(23): require_once('D:\\\\vipuljadav\\\\w...')
#66 {main}
"} 
